<?xml version="1.0" encoding="UTF-8"?>
<!-- Generated by org.testng.reporters.JUnitReportReporter -->
<testsuite hostname="DESKTOP-V6S2GU6" failures="0" tests="3" name="tests.DDrTest" time="20.780" errors="0" timestamp="2024-03-22T08:34:33 CET" skipped="0">
  <testcase classname="tests.DDrTest" name="createUserAuthTest" time="5.057"/>
  <testcase classname="tests.DDrTest" name="createUserAuthTest" time="10.907"/>
  <testcase classname="tests.DDrTest" name="createUserAuthTest" time="4.816"/>
</testsuite> <!-- tests.DDrTest -->
