<?xml version="1.0" encoding="UTF-8"?>
<!-- Generated by org.testng.reporters.JUnitReportReporter -->
<testsuite hostname="DESKTOP-V6S2GU6" failures="0" tests="2" name="tests.DDTest2" time="3.054" errors="0" timestamp="2024-03-18T08:53:10 CET" skipped="0">
  <testcase classname="tests.DDTest2" name="setData" time="0.361"/>
  <testcase classname="tests.DDTest2" name="setData" time="2.693"/>
</testsuite> <!-- tests.DDTest2 -->
