<?xml version="1.0" encoding="UTF-8"?>
<!-- Generated by org.testng.reporters.JUnitReportReporter -->
<testsuite hostname="DESKTOP-V6S2GU6" failures="0" tests="1" name="tests.simplePost" time="4.823" errors="0" timestamp="2024-03-23T07:55:14 CET" skipped="0">
  <testcase classname="tests.simplePost" name="postUser" time="4.823"/>
</testsuite> <!-- tests.simplePost -->
