<?xml version="1.0" encoding="UTF-8"?>
<!-- Generated by org.testng.reporters.JUnitReportReporter -->
<testsuite hostname="DESKTOP-V6S2GU6" failures="0" tests="3" name="tests.DDtest" time="4.569" errors="0" timestamp="2024-03-17T10:31:24 CET" skipped="0">
  <testcase classname="tests.DDtest" name="testPostUser" time="3.051"/>
  <testcase classname="tests.DDtest" name="testPostUser" time="0.800"/>
  <testcase classname="tests.DDtest" name="testPostUser" time="0.718"/>
</testsuite> <!-- tests.DDtest -->
