<?xml version="1.0" encoding="UTF-8"?>
<!-- Generated by org.testng.reporters.JUnitReportReporter -->
<testsuite hostname="DESKTOP-V6S2GU6" failures="0" tests="1" name="tests.simplePost" time="5.270" errors="0" timestamp="2024-03-23T08:30:48 CET" skipped="0">
  <testcase classname="tests.simplePost" name="postUser" time="5.270"/>
</testsuite> <!-- tests.simplePost -->
